Started GET "/pdfs/sign" for ::1 at 2024-02-26 12:49:00 +0530
  [1m[35m (1.1ms)[0m  [1m[34mSELECT sqlite_version(*)[0m
Processing by PdfsController#sign as HTML
Completed 500 Internal Server Error in 7ms (ActiveRecord: 0.0ms | Allocations: 1876)


  
Errno::ENOENT (No such file or directory @ rb_sysopen - /home/saurabh/Practice codes/pdf_digital_signature_app/app/public/private_key.pem):
  
app/controllers/pdfs_controller.rb:6:in `read'
app/controllers/pdfs_controller.rb:6:in `sign'
Started GET "/serviceworker.js" for ::1 at 2024-02-26 12:49:02 +0530
  
ActionController::RoutingError (No route matches [GET] "/serviceworker.js"):
  
Started GET "/serviceworker.js" for ::1 at 2024-02-26 12:49:31 +0530
  
ActionController::RoutingError (No route matches [GET] "/serviceworker.js"):
  
Started GET "/pdfs/sign" for ::1 at 2024-02-26 12:51:47 +0530
  [1m[35m (0.4ms)[0m  [1m[34mSELECT sqlite_version(*)[0m
Processing by PdfsController#sign as HTML
Completed 500 Internal Server Error in 7ms (ActiveRecord: 0.0ms | Allocations: 1550)


  
Errno::ENOENT (No such file or directory @ rb_sysopen - /home/saurabh/Practice codes/pdf_digital_signature_app/app/public/sample_pdf.pdf):
  
app/controllers/pdfs_controller.rb:11:in `binread'
app/controllers/pdfs_controller.rb:11:in `sign'
Started GET "/serviceworker.js" for ::1 at 2024-02-26 12:51:49 +0530
  
ActionController::RoutingError (No route matches [GET] "/serviceworker.js"):
  
Started GET "/serviceworker.js" for ::1 at 2024-02-26 12:52:18 +0530
  
ActionController::RoutingError (No route matches [GET] "/serviceworker.js"):
  
Started GET "/pdfs/sign" for ::1 at 2024-02-26 12:53:47 +0530
  [1m[35m (0.4ms)[0m  [1m[34mSELECT sqlite_version(*)[0m
Processing by PdfsController#sign as HTML
Completed 500 Internal Server Error in 43ms (ActiveRecord: 0.0ms | Allocations: 40042)


  
NoMethodError (undefined method `signature' for #<Prawn::Document:0x0000563c137f8668>):
  
app/controllers/pdfs_controller.rb:20:in `block in sign'
app/controllers/pdfs_controller.rb:18:in `sign'
Started GET "/serviceworker.js" for ::1 at 2024-02-26 12:53:49 +0530
  
ActionController::RoutingError (No route matches [GET] "/serviceworker.js"):
  
Started GET "/serviceworker.js" for ::1 at 2024-02-26 12:54:19 +0530
  
ActionController::RoutingError (No route matches [GET] "/serviceworker.js"):
  
Started GET "/pdfs/sign" for ::1 at 2024-02-26 13:01:57 +0530
  [1m[35m (0.4ms)[0m  [1m[34mSELECT sqlite_version(*)[0m
Processing by PdfsController#sign as HTML
Sent file /home/saurabh/Practice codes/pdf_digital_signature_app/config/signed_sample.pdf (6.0ms)
Completed 200 OK in 12ms (ActiveRecord: 0.0ms | Allocations: 3670)


Started GET "/serviceworker.js" for ::1 at 2024-02-26 13:01:58 +0530
  
ActionController::RoutingError (No route matches [GET] "/serviceworker.js"):
  
Started GET "/pdfs/verify_signature" for ::1 at 2024-02-26 13:55:23 +0530
  [1m[35m (0.4ms)[0m  [1m[34mSELECT sqlite_version(*)[0m
Processing by PdfsController#verify_signature as HTML
  Rendering text template
  Rendered text template (Duration: 0.1ms | Allocations: 30)
Completed 200 OK in 8ms (Views: 1.9ms | ActiveRecord: 0.0ms | Allocations: 2799)


Started GET "/serviceworker.js" for ::1 at 2024-02-26 13:55:25 +0530
  
ActionController::RoutingError (No route matches [GET] "/serviceworker.js"):
  
Started GET "/serviceworker.js" for ::1 at 2024-02-26 13:55:55 +0530
  
ActionController::RoutingError (No route matches [GET] "/serviceworker.js"):
  
Started GET "/pdfs/sign" for ::1 at 2024-02-26 14:09:01 +0530
Processing by PdfsController#sign as HTML
Sent file /home/saurabh/Practice codes/pdf_digital_signature_app/config/signed_sample.pdf (3.1ms)
Completed 200 OK in 8ms (Allocations: 1632)


Started GET "/serviceworker.js" for ::1 at 2024-02-26 14:09:02 +0530
  
ActionController::RoutingError (No route matches [GET] "/serviceworker.js"):
  
Started GET "/pdfs/verify_signature" for ::1 at 2024-02-26 14:09:06 +0530
Processing by PdfsController#verify_signature as HTML
  Rendering text template
  Rendered text template (Duration: 0.1ms | Allocations: 25)
Completed 200 OK in 6ms (Views: 1.1ms | Allocations: 1258)


Started GET "/pdfs/verify_signature" for ::1 at 2024-02-26 14:09:08 +0530
Processing by PdfsController#verify_signature as HTML
  Rendering text template
  Rendered text template (Duration: 0.2ms | Allocations: 26)
Completed 200 OK in 6ms (Views: 1.1ms | Allocations: 1211)


Started GET "/serviceworker.js" for ::1 at 2024-02-26 14:09:08 +0530
  
ActionController::RoutingError (No route matches [GET] "/serviceworker.js"):
  
Started GET "/pdfs/verify_signature" for ::1 at 2024-02-26 14:09:09 +0530
Processing by PdfsController#verify_signature as HTML
  Rendering text template
  Rendered text template (Duration: 0.2ms | Allocations: 25)
Completed 200 OK in 6ms (Views: 1.1ms | Allocations: 1206)


Started GET "/pdfs/verify_signature" for ::1 at 2024-02-26 14:09:09 +0530
Processing by PdfsController#verify_signature as HTML
  Rendering text template
  Rendered text template (Duration: 0.1ms | Allocations: 25)
Completed 200 OK in 5ms (Views: 0.9ms | Allocations: 1206)


Started GET "/pdfs/verify_signature" for ::1 at 2024-02-26 14:09:09 +0530
Processing by PdfsController#verify_signature as HTML
  Rendering text template
  Rendered text template (Duration: 0.2ms | Allocations: 25)
Completed 200 OK in 8ms (Views: 1.1ms | Allocations: 1214)


Started GET "/pdfs/verify_signature" for ::1 at 2024-02-26 14:09:09 +0530
Processing by PdfsController#verify_signature as HTML
  Rendering text template
  Rendered text template (Duration: 0.2ms | Allocations: 25)
Completed 200 OK in 6ms (Views: 1.2ms | Allocations: 1207)


Started GET "/pdfs/verify_signature" for ::1 at 2024-02-26 14:09:09 +0530
Processing by PdfsController#verify_signature as HTML
  Rendering text template
  Rendered text template (Duration: 0.2ms | Allocations: 25)
Completed 200 OK in 5ms (Views: 0.8ms | Allocations: 1206)


Started GET "/serviceworker.js" for ::1 at 2024-02-26 14:09:09 +0530
  
ActionController::RoutingError (No route matches [GET] "/serviceworker.js"):
  
Started GET "/pdfs/verify_signature" for ::1 at 2024-02-26 14:09:10 +0530
Processing by PdfsController#verify_signature as HTML
  Rendering text template
  Rendered text template (Duration: 0.1ms | Allocations: 25)
Completed 200 OK in 5ms (Views: 0.8ms | Allocations: 1208)


Started GET "/pdfs/verify_signature" for ::1 at 2024-02-26 14:09:10 +0530
Processing by PdfsController#verify_signature as HTML
  Rendering text template
  Rendered text template (Duration: 0.2ms | Allocations: 25)
Completed 200 OK in 6ms (Views: 1.1ms | Allocations: 1206)


Started GET "/pdfs/verify_signature" for ::1 at 2024-02-26 14:09:10 +0530
Processing by PdfsController#verify_signature as HTML
  Rendering text template
  Rendered text template (Duration: 0.1ms | Allocations: 25)
Completed 200 OK in 5ms (Views: 0.8ms | Allocations: 1206)


Started GET "/pdfs/verify_signature" for ::1 at 2024-02-26 14:09:10 +0530
Processing by PdfsController#verify_signature as HTML
  Rendering text template
  Rendered text template (Duration: 0.2ms | Allocations: 25)
Completed 200 OK in 6ms (Views: 0.9ms | Allocations: 1206)


Started GET "/pdfs/verify_signature" for ::1 at 2024-02-26 14:09:10 +0530
Processing by PdfsController#verify_signature as HTML
  Rendering text template
  Rendered text template (Duration: 0.2ms | Allocations: 25)
Completed 200 OK in 5ms (Views: 0.9ms | Allocations: 1210)


Started GET "/serviceworker.js" for ::1 at 2024-02-26 14:09:12 +0530
  
ActionController::RoutingError (No route matches [GET] "/serviceworker.js"):
  
Started GET "/serviceworker.js" for ::1 at 2024-02-26 14:09:41 +0530
  
ActionController::RoutingError (No route matches [GET] "/serviceworker.js"):
  
Started GET "/pdfs/sign" for ::1 at 2024-02-26 14:17:23 +0530
  [1m[35m (0.4ms)[0m  [1m[34mSELECT sqlite_version(*)[0m
Processing by PdfsController#sign as HTML
Completed 500 Internal Server Error in 33ms (ActiveRecord: 0.0ms | Allocations: 39318)


  
NoMethodError (undefined method `digitally_sign' for #<Prawn::Document:0x00007f926813ea28>):
  
app/controllers/pdfs_controller.rb:31:in `block in sign'
app/controllers/pdfs_controller.rb:29:in `sign'
Started GET "/serviceworker.js" for ::1 at 2024-02-26 14:17:25 +0530
  
ActionController::RoutingError (No route matches [GET] "/serviceworker.js"):
  
Started GET "/serviceworker.js" for ::1 at 2024-02-26 14:17:54 +0530
  
ActionController::RoutingError (No route matches [GET] "/serviceworker.js"):
  
Started GET "/pdfs/sign" for ::1 at 2024-02-26 14:27:26 +0530
  [1m[35m (0.5ms)[0m  [1m[34mSELECT sqlite_version(*)[0m
Processing by PdfsController#sign as HTML
Sent file /home/saurabh/Practice codes/pdf_digital_signature_app/config/signed_sample.pdf (2.4ms)
Completed 200 OK in 8ms (ActiveRecord: 0.0ms | Allocations: 2454)


Started GET "/serviceworker.js" for ::1 at 2024-02-26 14:27:27 +0530
  
ActionController::RoutingError (No route matches [GET] "/serviceworker.js"):
  
Started GET "/pdfs/verify_signature" for ::1 at 2024-02-26 14:27:51 +0530
Processing by PdfsController#verify_signature as HTML
  Rendering text template
  Rendered text template (Duration: 0.2ms | Allocations: 26)
Completed 200 OK in 18ms (Views: 16.3ms | ActiveRecord: 0.0ms | Allocations: 2574)


Started GET "/serviceworker.js" for ::1 at 2024-02-26 14:27:52 +0530
  
ActionController::RoutingError (No route matches [GET] "/serviceworker.js"):
  
Started GET "/pdfs/verify_signature" for ::1 at 2024-02-26 14:27:53 +0530
Processing by PdfsController#verify_signature as HTML
  Rendering text template
  Rendered text template (Duration: 0.1ms | Allocations: 26)
Completed 200 OK in 2ms (Views: 0.8ms | ActiveRecord: 0.0ms | Allocations: 425)


Started GET "/serviceworker.js" for ::1 at 2024-02-26 14:27:55 +0530
  
ActionController::RoutingError (No route matches [GET] "/serviceworker.js"):
  
Started GET "/" for ::1 at 2024-02-26 14:29:04 +0530
  [1m[35m (0.4ms)[0m  [1m[34mSELECT sqlite_version(*)[0m
Processing by Rails::WelcomeController#index as HTML
  Rendering /home/saurabh/.asdf/installs/ruby/2.7.8/lib/ruby/gems/2.7.0/gems/railties-6.1.7.7/lib/rails/templates/rails/welcome/index.html.erb
  Rendered /home/saurabh/.asdf/installs/ruby/2.7.8/lib/ruby/gems/2.7.0/gems/railties-6.1.7.7/lib/rails/templates/rails/welcome/index.html.erb (Duration: 6.2ms | Allocations: 341)
Completed 200 OK in 13ms (Views: 8.3ms | ActiveRecord: 0.0ms | Allocations: 2500)


Started GET "/serviceworker.js" for ::1 at 2024-02-26 14:29:06 +0530
  
ActionController::RoutingError (No route matches [GET] "/serviceworker.js"):
  
Started GET "/pdfs/sign" for ::1 at 2024-02-26 14:29:21 +0530
Processing by PdfsController#sign as HTML
Sent file /home/saurabh/Practice codes/pdf_digital_signature_app/config/signed_sample.pdf (3.4ms)
Completed 200 OK in 9ms (ActiveRecord: 0.0ms | Allocations: 1687)


Started GET "/pdfs/sign" for ::1 at 2024-02-26 14:29:21 +0530
Processing by PdfsController#sign as HTML
Sent file /home/saurabh/Practice codes/pdf_digital_signature_app/config/signed_sample.pdf (0.2ms)
Completed 200 OK in 3ms (ActiveRecord: 0.0ms | Allocations: 471)


Started GET "/serviceworker.js" for ::1 at 2024-02-26 14:29:22 +0530
  
ActionController::RoutingError (No route matches [GET] "/serviceworker.js"):
  
Started GET "/pdfs/verify_signature" for ::1 at 2024-02-26 14:29:40 +0530
Processing by PdfsController#verify_signature as HTML
  Rendering text template
  Rendered text template (Duration: 0.2ms | Allocations: 25)
Completed 200 OK in 26ms (Views: 23.8ms | ActiveRecord: 0.0ms | Allocations: 2536)


Started GET "/serviceworker.js" for ::1 at 2024-02-26 14:29:41 +0530
  
ActionController::RoutingError (No route matches [GET] "/serviceworker.js"):
  
Started GET "/serviceworker.js" for ::1 at 2024-02-26 14:30:11 +0530
  
ActionController::RoutingError (No route matches [GET] "/serviceworker.js"):
  
Started GET "/pdfs/verify_signature" for ::1 at 2024-02-26 14:46:41 +0530
  [1m[35m (0.4ms)[0m  [1m[34mSELECT sqlite_version(*)[0m
Processing by PdfsController#verify_signature as HTML
  Rendering text template
  Rendered text template (Duration: 0.1ms | Allocations: 30)
Completed 200 OK in 8ms (Views: 2.7ms | ActiveRecord: 0.0ms | Allocations: 1938)


Started GET "/serviceworker.js" for ::1 at 2024-02-26 14:46:43 +0530
  
ActionController::RoutingError (No route matches [GET] "/serviceworker.js"):
  
Started GET "/serviceworker.js" for ::1 at 2024-02-26 14:47:12 +0530
  
ActionController::RoutingError (No route matches [GET] "/serviceworker.js"):
  
Started GET "/pdfs/verify_signature" for ::1 at 2024-02-26 14:49:54 +0530
  [1m[35m (0.4ms)[0m  [1m[34mSELECT sqlite_version(*)[0m
Processing by PdfsController#verify_signature as HTML
Completed 500 Internal Server Error in 6ms (Views: 0.3ms | ActiveRecord: 0.0ms | Allocations: 1693)


Started GET "/serviceworker.js" for ::1 at 2024-02-26 14:49:56 +0530
  
ActionController::RoutingError (No route matches [GET] "/serviceworker.js"):
  
Started GET "/serviceworker.js" for ::1 at 2024-02-26 14:50:25 +0530
  
ActionController::RoutingError (No route matches [GET] "/serviceworker.js"):
  
Started GET "/pdfs/verify_signature" for ::1 at 2024-02-26 14:51:37 +0530
  [1m[35m (0.3ms)[0m  [1m[34mSELECT sqlite_version(*)[0m
Processing by PdfsController#verify_signature as HTML
  Rendering text template
  Rendered text template (Duration: 0.2ms | Allocations: 30)
Completed 200 OK in 8ms (Views: 3.1ms | ActiveRecord: 0.0ms | Allocations: 1938)


Started GET "/serviceworker.js" for ::1 at 2024-02-26 14:51:39 +0530
  
ActionController::RoutingError (No route matches [GET] "/serviceworker.js"):
  
Started GET "/serviceworker.js" for ::1 at 2024-02-26 14:52:09 +0530
  
ActionController::RoutingError (No route matches [GET] "/serviceworker.js"):
  
Started GET "/pdfs/verify_signature" for ::1 at 2024-02-26 14:53:54 +0530
  [1m[35m (0.3ms)[0m  [1m[34mSELECT sqlite_version(*)[0m
Processing by PdfsController#verify_signature as HTML
  Rendering text template
  Rendered text template (Duration: 0.2ms | Allocations: 30)
Completed 200 OK in 9ms (Views: 2.3ms | ActiveRecord: 0.0ms | Allocations: 2390)


Started GET "/serviceworker.js" for ::1 at 2024-02-26 14:53:56 +0530
  
ActionController::RoutingError (No route matches [GET] "/serviceworker.js"):
  
Started GET "/pdfs/verify_signature" for ::1 at 2024-02-26 14:53:57 +0530
Processing by PdfsController#verify_signature as HTML
  Rendering text template
  Rendered text template (Duration: 0.2ms | Allocations: 26)
Completed 200 OK in 4ms (Views: 1.0ms | ActiveRecord: 0.0ms | Allocations: 939)


Started GET "/serviceworker.js" for ::1 at 2024-02-26 14:53:59 +0530
  
ActionController::RoutingError (No route matches [GET] "/serviceworker.js"):
  
Started GET "/serviceworker.js" for ::1 at 2024-02-26 14:54:28 +0530
  
ActionController::RoutingError (No route matches [GET] "/serviceworker.js"):
  
Started GET "/pdfs/verify_signature" for ::1 at 2024-02-26 14:56:11 +0530
  [1m[35m (0.3ms)[0m  [1m[34mSELECT sqlite_version(*)[0m
Processing by PdfsController#verify_signature as HTML
  Rendering text template
  Rendered text template (Duration: 0.1ms | Allocations: 30)
Completed 200 OK in 7ms (Views: 1.7ms | ActiveRecord: 0.0ms | Allocations: 2151)


Started GET "/serviceworker.js" for ::1 at 2024-02-26 14:56:13 +0530
  
ActionController::RoutingError (No route matches [GET] "/serviceworker.js"):
  
Started GET "/serviceworker.js" for ::1 at 2024-02-26 14:56:42 +0530
  
ActionController::RoutingError (No route matches [GET] "/serviceworker.js"):
  
Started GET "/pdfs/verify_signature" for ::1 at 2024-02-26 14:57:45 +0530
  [1m[35m (0.4ms)[0m  [1m[34mSELECT sqlite_version(*)[0m
Processing by PdfsController#verify_signature as HTML
Completed 200 OK in 8ms (Views: 0.3ms | ActiveRecord: 0.0ms | Allocations: 1253)


Started GET "/serviceworker.js" for ::1 at 2024-02-26 14:57:47 +0530
  
ActionController::RoutingError (No route matches [GET] "/serviceworker.js"):
  
Started GET "/serviceworker.js" for ::1 at 2024-02-26 14:58:17 +0530
  
ActionController::RoutingError (No route matches [GET] "/serviceworker.js"):
  
Started GET "/pdfs/sign" for ::1 at 2024-02-26 15:09:03 +0530
  [1m[35m (0.4ms)[0m  [1m[34mSELECT sqlite_version(*)[0m
Processing by PdfsController#sign as HTML
Sent file /home/saurabh/Practice codes/pdf_digital_signature_app/config/signed_sample.pdf (2.3ms)
Completed 200 OK in 9ms (ActiveRecord: 0.0ms | Allocations: 2454)


Started GET "/serviceworker.js" for ::1 at 2024-02-26 15:09:04 +0530
  
ActionController::RoutingError (No route matches [GET] "/serviceworker.js"):
  
Started GET "/pdfs/verify_signature" for ::1 at 2024-02-26 15:09:18 +0530
Processing by PdfsController#verify_signature as HTML
Completed 200 OK in 2ms (Views: 0.5ms | ActiveRecord: 0.0ms | Allocations: 432)


Started GET "/pdfs/verify_signature" for ::1 at 2024-02-26 15:09:19 +0530
Processing by PdfsController#verify_signature as HTML
Completed 200 OK in 2ms (Views: 0.4ms | ActiveRecord: 0.0ms | Allocations: 370)


Started GET "/pdfs/verify_signature" for ::1 at 2024-02-26 15:09:20 +0530
Processing by PdfsController#verify_signature as HTML
Completed 200 OK in 2ms (Views: 0.3ms | ActiveRecord: 0.0ms | Allocations: 370)


Started GET "/serviceworker.js" for ::1 at 2024-02-26 15:09:20 +0530
  
ActionController::RoutingError (No route matches [GET] "/serviceworker.js"):
  
Started GET "/serviceworker.js" for ::1 at 2024-02-26 15:09:21 +0530
  
ActionController::RoutingError (No route matches [GET] "/serviceworker.js"):
  
Started GET "/pdfs/sign" for ::1 at 2024-02-26 15:09:43 +0530
Processing by PdfsController#sign as HTML
Sent file /home/saurabh/Practice codes/pdf_digital_signature_app/config/signed_sample.pdf (0.5ms)
Completed 200 OK in 6ms (ActiveRecord: 0.0ms | Allocations: 480)


Started GET "/serviceworker.js" for ::1 at 2024-02-26 15:09:44 +0530
  
ActionController::RoutingError (No route matches [GET] "/serviceworker.js"):
  
Started GET "/pdfs/sign" for ::1 at 2024-02-26 15:09:45 +0530
Processing by PdfsController#sign as HTML
Sent file /home/saurabh/Practice codes/pdf_digital_signature_app/config/signed_sample.pdf (0.5ms)
Completed 200 OK in 6ms (ActiveRecord: 0.0ms | Allocations: 469)


Started GET "/serviceworker.js" for ::1 at 2024-02-26 15:09:46 +0530
  
ActionController::RoutingError (No route matches [GET] "/serviceworker.js"):
  
Started GET "/pdfs/verify_signature" for ::1 at 2024-02-26 15:09:48 +0530
Processing by PdfsController#verify_signature as HTML
Completed 200 OK in 2ms (Views: 0.4ms | ActiveRecord: 0.0ms | Allocations: 368)


Started GET "/serviceworker.js" for ::1 at 2024-02-26 15:09:49 +0530
  
ActionController::RoutingError (No route matches [GET] "/serviceworker.js"):
  
Started GET "/pdfs/verify_signature" for ::1 at 2024-02-26 15:09:50 +0530
Processing by PdfsController#verify_signature as HTML
Completed 200 OK in 2ms (Views: 0.5ms | ActiveRecord: 0.0ms | Allocations: 369)


Started GET "/pdfs/verify_signature" for ::1 at 2024-02-26 15:09:50 +0530
Processing by PdfsController#verify_signature as HTML
Completed 200 OK in 2ms (Views: 0.5ms | ActiveRecord: 0.0ms | Allocations: 368)


Started GET "/pdfs/verify_signature" for ::1 at 2024-02-26 15:09:50 +0530
Processing by PdfsController#verify_signature as HTML
Completed 200 OK in 2ms (Views: 0.4ms | ActiveRecord: 0.0ms | Allocations: 368)


Started GET "/pdfs/verify_signature" for ::1 at 2024-02-26 15:09:50 +0530
Processing by PdfsController#verify_signature as HTML
Completed 200 OK in 2ms (Views: 0.4ms | ActiveRecord: 0.0ms | Allocations: 368)


Started GET "/pdfs/verify_signature" for ::1 at 2024-02-26 15:09:51 +0530
Processing by PdfsController#verify_signature as HTML
Completed 200 OK in 2ms (Views: 0.3ms | ActiveRecord: 0.0ms | Allocations: 368)


Started GET "/serviceworker.js" for ::1 at 2024-02-26 15:09:52 +0530
  
ActionController::RoutingError (No route matches [GET] "/serviceworker.js"):
  
Started GET "/pdfs/sign" for ::1 at 2024-02-26 15:09:56 +0530
Processing by PdfsController#sign as HTML
Sent file /home/saurabh/Practice codes/pdf_digital_signature_app/config/signed_sample.pdf (0.6ms)
Completed 200 OK in 6ms (ActiveRecord: 0.0ms | Allocations: 469)


Started GET "/serviceworker.js" for ::1 at 2024-02-26 15:09:57 +0530
  
ActionController::RoutingError (No route matches [GET] "/serviceworker.js"):
  
Started GET "/" for ::1 at 2024-02-26 15:10:06 +0530
Processing by Rails::WelcomeController#index as HTML
  Rendering /home/saurabh/.asdf/installs/ruby/2.7.8/lib/ruby/gems/2.7.0/gems/railties-6.1.7.7/lib/rails/templates/rails/welcome/index.html.erb
  Rendered /home/saurabh/.asdf/installs/ruby/2.7.8/lib/ruby/gems/2.7.0/gems/railties-6.1.7.7/lib/rails/templates/rails/welcome/index.html.erb (Duration: 7.8ms | Allocations: 223)
Completed 200 OK in 11ms (Views: 8.9ms | ActiveRecord: 0.0ms | Allocations: 929)


Started GET "/serviceworker.js" for ::1 at 2024-02-26 15:10:09 +0530
  
ActionController::RoutingError (No route matches [GET] "/serviceworker.js"):
  
Started GET "/pdfs/sign" for ::1 at 2024-02-26 15:10:12 +0530
Processing by PdfsController#sign as HTML
Sent file /home/saurabh/Practice codes/pdf_digital_signature_app/config/signed_sample.pdf (0.5ms)
Completed 200 OK in 6ms (ActiveRecord: 0.0ms | Allocations: 469)


Started GET "/serviceworker.js" for ::1 at 2024-02-26 15:10:13 +0530
  
ActionController::RoutingError (No route matches [GET] "/serviceworker.js"):
  
Started GET "/pdfs/verify_signature" for ::1 at 2024-02-26 15:10:28 +0530
Processing by PdfsController#verify_signature as HTML
Completed 200 OK in 2ms (Views: 0.4ms | ActiveRecord: 0.0ms | Allocations: 368)


Started GET "/serviceworker.js" for ::1 at 2024-02-26 15:10:29 +0530
  
ActionController::RoutingError (No route matches [GET] "/serviceworker.js"):
  
Started GET "/serviceworker.js" for ::1 at 2024-02-26 15:10:59 +0530
  
ActionController::RoutingError (No route matches [GET] "/serviceworker.js"):
  
Started GET "/pdfs/verify_signature" for ::1 at 2024-02-26 15:28:52 +0530
  [1m[35m (0.4ms)[0m  [1m[34mSELECT sqlite_version(*)[0m
Processing by PdfsController#verify_signature as HTML
Completed 200 OK in 6ms (Views: 0.4ms | ActiveRecord: 0.0ms | Allocations: 1339)


Started GET "/serviceworker.js" for ::1 at 2024-02-26 15:28:54 +0530
  
ActionController::RoutingError (No route matches [GET] "/serviceworker.js"):
  
Started GET "/serviceworker.js" for ::1 at 2024-02-26 15:29:24 +0530
  
ActionController::RoutingError (No route matches [GET] "/serviceworker.js"):
  
Started GET "/pdfs/verify_signature" for ::1 at 2024-02-26 15:40:07 +0530
Processing by PdfsController#verify_signature as HTML
  Rendering text template
  Rendered text template (Duration: 0.1ms | Allocations: 26)
Completed 200 OK in 2ms (Views: 1.0ms | Allocations: 871)


Started GET "/serviceworker.js" for ::1 at 2024-02-26 15:40:08 +0530
  
ActionController::RoutingError (No route matches [GET] "/serviceworker.js"):
  
Started GET "/pdfs/sign" for ::1 at 2024-02-26 15:40:14 +0530
Processing by PdfsController#sign as HTML
Sent file /home/saurabh/Practice codes/pdf_digital_signature_app/config/signed_sample.pdf (4.1ms)
Completed 200 OK in 10ms (Allocations: 1605)


Started GET "/serviceworker.js" for ::1 at 2024-02-26 15:40:15 +0530
  
ActionController::RoutingError (No route matches [GET] "/serviceworker.js"):
  
Started GET "/pdfs/sign" for ::1 at 2024-02-26 15:40:16 +0530
Processing by PdfsController#sign as HTML
Sent file /home/saurabh/Practice codes/pdf_digital_signature_app/config/signed_sample.pdf (0.5ms)
Completed 200 OK in 6ms (Allocations: 471)


Started GET "/serviceworker.js" for ::1 at 2024-02-26 15:40:17 +0530
  
ActionController::RoutingError (No route matches [GET] "/serviceworker.js"):
  
Started GET "/pdfs/verify_signature" for ::1 at 2024-02-26 15:40:19 +0530
Processing by PdfsController#verify_signature as HTML
Completed 200 OK in 2ms (Views: 0.5ms | Allocations: 375)


Started GET "/serviceworker.js" for ::1 at 2024-02-26 15:40:21 +0530
  
ActionController::RoutingError (No route matches [GET] "/serviceworker.js"):
  
Started GET "/serviceworker.js" for ::1 at 2024-02-26 15:40:50 +0530
  
ActionController::RoutingError (No route matches [GET] "/serviceworker.js"):
  
Started GET "/pdfs/sign" for ::1 at 2024-02-26 15:42:20 +0530
  [1m[35m (0.4ms)[0m  [1m[34mSELECT sqlite_version(*)[0m
Processing by PdfsController#sign as HTML
Sent file /home/saurabh/Practice codes/pdf_digital_signature_app/config/signed_sample.pdf (1.5ms)
Completed 200 OK in 7ms (ActiveRecord: 0.0ms | Allocations: 2454)


Started GET "/serviceworker.js" for ::1 at 2024-02-26 15:42:21 +0530
  
ActionController::RoutingError (No route matches [GET] "/serviceworker.js"):
  
Started GET "/pdfs/sign" for ::1 at 2024-02-26 15:42:22 +0530
Processing by PdfsController#sign as HTML
Sent file /home/saurabh/Practice codes/pdf_digital_signature_app/config/signed_sample.pdf (0.6ms)
Completed 200 OK in 6ms (ActiveRecord: 0.0ms | Allocations: 512)


Started GET "/serviceworker.js" for ::1 at 2024-02-26 15:42:23 +0530
  
ActionController::RoutingError (No route matches [GET] "/serviceworker.js"):
  
Started GET "/pdfs/verify_signature" for ::1 at 2024-02-26 15:42:29 +0530
Processing by PdfsController#verify_signature as HTML
Completed 200 OK in 2ms (Views: 0.5ms | ActiveRecord: 0.0ms | Allocations: 403)


Started GET "/serviceworker.js" for ::1 at 2024-02-26 15:42:30 +0530
  
ActionController::RoutingError (No route matches [GET] "/serviceworker.js"):
  
Started GET "/serviceworker.js" for ::1 at 2024-02-26 15:43:00 +0530
  
ActionController::RoutingError (No route matches [GET] "/serviceworker.js"):
  
Started GET "/pdfs/sign" for ::1 at 2024-02-26 15:45:04 +0530
  [1m[35m (0.3ms)[0m  [1m[34mSELECT sqlite_version(*)[0m
Processing by PdfsController#sign as HTML
Sent file /home/saurabh/Practice codes/pdf_digital_signature_app/config/signed_test-1.pdf (1.4ms)
Completed 200 OK in 7ms (ActiveRecord: 0.0ms | Allocations: 2454)


Started GET "/serviceworker.js" for ::1 at 2024-02-26 15:45:05 +0530
  
ActionController::RoutingError (No route matches [GET] "/serviceworker.js"):
  
Started GET "/pdfs/sign" for ::1 at 2024-02-26 15:45:05 +0530
Processing by PdfsController#sign as HTML
Sent file /home/saurabh/Practice codes/pdf_digital_signature_app/config/signed_test-1.pdf (0.4ms)
Completed 200 OK in 5ms (ActiveRecord: 0.0ms | Allocations: 512)


Started GET "/serviceworker.js" for ::1 at 2024-02-26 15:45:06 +0530
  
ActionController::RoutingError (No route matches [GET] "/serviceworker.js"):
  
Started GET "/serviceworker.js" for ::1 at 2024-02-26 15:45:36 +0530
  
ActionController::RoutingError (No route matches [GET] "/serviceworker.js"):
  
Started GET "/pdfs/verify_signature" for ::1 at 2024-02-26 15:46:09 +0530
Processing by PdfsController#verify_signature as HTML
Completed 200 OK in 2ms (Views: 0.5ms | ActiveRecord: 0.0ms | Allocations: 403)


Started GET "/serviceworker.js" for ::1 at 2024-02-26 15:46:11 +0530
  
ActionController::RoutingError (No route matches [GET] "/serviceworker.js"):
  
Started GET "/serviceworker.js" for ::1 at 2024-02-26 15:46:40 +0530
  
ActionController::RoutingError (No route matches [GET] "/serviceworker.js"):
  
Started GET "/pdfs/verify_signature" for ::1 at 2024-02-26 15:48:46 +0530
Processing by PdfsController#verify_signature as HTML
  Rendering text template
  Rendered text template (Duration: 0.1ms | Allocations: 25)
Completed 200 OK in 3ms (Views: 0.8ms | Allocations: 1073)


Started GET "/serviceworker.js" for ::1 at 2024-02-26 15:48:48 +0530
  
ActionController::RoutingError (No route matches [GET] "/serviceworker.js"):
  
Started GET "/serviceworker.js" for ::1 at 2024-02-26 15:49:17 +0530
  
ActionController::RoutingError (No route matches [GET] "/serviceworker.js"):
  
Started GET "/pdfs/verify_signature" for ::1 at 2024-02-26 15:52:53 +0530
Processing by PdfsController#verify_signature as HTML
Completed 200 OK in 1ms (Views: 0.2ms | Allocations: 375)


Started GET "/serviceworker.js" for ::1 at 2024-02-26 15:52:55 +0530
  
ActionController::RoutingError (No route matches [GET] "/serviceworker.js"):
  
Started GET "/serviceworker.js" for ::1 at 2024-02-26 15:53:24 +0530
  
ActionController::RoutingError (No route matches [GET] "/serviceworker.js"):
  
Started GET "/pdfs/verify_signature" for ::1 at 2024-02-26 16:42:31 +0530
Processing by PdfsController#verify_signature as HTML
Completed 200 OK in 2ms (Views: 0.4ms | Allocations: 368)


Started GET "/pdfs/verify_signature" for ::1 at 2024-02-26 16:42:33 +0530
Processing by PdfsController#verify_signature as HTML
Completed 200 OK in 2ms (Views: 0.4ms | Allocations: 371)


Started GET "/serviceworker.js" for ::1 at 2024-02-26 16:42:33 +0530
  
ActionController::RoutingError (No route matches [GET] "/serviceworker.js"):
  
Started GET "/serviceworker.js" for ::1 at 2024-02-26 16:42:34 +0530
  
ActionController::RoutingError (No route matches [GET] "/serviceworker.js"):
  
Started GET "/serviceworker.js" for ::1 at 2024-02-26 16:43:04 +0530
  
ActionController::RoutingError (No route matches [GET] "/serviceworker.js"):
  
Started GET "/" for ::1 at 2024-02-27 08:08:55 +0530
  [1m[35m (0.4ms)[0m  [1m[34mSELECT sqlite_version(*)[0m
Processing by Rails::WelcomeController#index as HTML
  Rendering /home/saurabh/.asdf/installs/ruby/2.7.8/lib/ruby/gems/2.7.0/gems/railties-6.1.7.7/lib/rails/templates/rails/welcome/index.html.erb
  Rendered /home/saurabh/.asdf/installs/ruby/2.7.8/lib/ruby/gems/2.7.0/gems/railties-6.1.7.7/lib/rails/templates/rails/welcome/index.html.erb (Duration: 7.2ms | Allocations: 341)
Completed 200 OK in 15ms (Views: 8.8ms | ActiveRecord: 0.0ms | Allocations: 2500)


Started GET "/serviceworker.js" for ::1 at 2024-02-27 08:08:57 +0530
  
ActionController::RoutingError (No route matches [GET] "/serviceworker.js"):
  
Started GET "/" for ::1 at 2024-02-27 08:08:59 +0530
Processing by Rails::WelcomeController#index as HTML
  Rendering /home/saurabh/.asdf/installs/ruby/2.7.8/lib/ruby/gems/2.7.0/gems/railties-6.1.7.7/lib/rails/templates/rails/welcome/index.html.erb
  Rendered /home/saurabh/.asdf/installs/ruby/2.7.8/lib/ruby/gems/2.7.0/gems/railties-6.1.7.7/lib/rails/templates/rails/welcome/index.html.erb (Duration: 13.3ms | Allocations: 221)
Completed 200 OK in 17ms (Views: 14.9ms | ActiveRecord: 0.0ms | Allocations: 930)


Started GET "/serviceworker.js" for ::1 at 2024-02-27 08:09:01 +0530
  
ActionController::RoutingError (No route matches [GET] "/serviceworker.js"):
  
Started GET "/serviceworker.js" for ::1 at 2024-02-27 08:09:30 +0530
  
ActionController::RoutingError (No route matches [GET] "/serviceworker.js"):
  
Started GET "/" for ::1 at 2024-02-27 08:11:29 +0530
Processing by Rails::WelcomeController#index as HTML
  Rendering /home/saurabh/.asdf/installs/ruby/2.7.8/lib/ruby/gems/2.7.0/gems/railties-6.1.7.7/lib/rails/templates/rails/welcome/index.html.erb
  Rendered /home/saurabh/.asdf/installs/ruby/2.7.8/lib/ruby/gems/2.7.0/gems/railties-6.1.7.7/lib/rails/templates/rails/welcome/index.html.erb (Duration: 10.5ms | Allocations: 219)
Completed 200 OK in 14ms (Views: 12.2ms | ActiveRecord: 0.0ms | Allocations: 834)


Started GET "/" for ::1 at 2024-02-27 08:11:30 +0530
Processing by Rails::WelcomeController#index as HTML
  Rendering /home/saurabh/.asdf/installs/ruby/2.7.8/lib/ruby/gems/2.7.0/gems/railties-6.1.7.7/lib/rails/templates/rails/welcome/index.html.erb
  Rendered /home/saurabh/.asdf/installs/ruby/2.7.8/lib/ruby/gems/2.7.0/gems/railties-6.1.7.7/lib/rails/templates/rails/welcome/index.html.erb (Duration: 0.6ms | Allocations: 49)
Completed 200 OK in 2ms (Views: 1.3ms | ActiveRecord: 0.0ms | Allocations: 342)


Started GET "/serviceworker.js" for ::1 at 2024-02-27 08:11:30 +0530
  
ActionController::RoutingError (No route matches [GET] "/serviceworker.js"):
  
Started GET "/" for ::1 at 2024-02-27 08:11:31 +0530
Processing by Rails::WelcomeController#index as HTML
  Rendering /home/saurabh/.asdf/installs/ruby/2.7.8/lib/ruby/gems/2.7.0/gems/railties-6.1.7.7/lib/rails/templates/rails/welcome/index.html.erb
  Rendered /home/saurabh/.asdf/installs/ruby/2.7.8/lib/ruby/gems/2.7.0/gems/railties-6.1.7.7/lib/rails/templates/rails/welcome/index.html.erb (Duration: 0.3ms | Allocations: 49)
Completed 200 OK in 2ms (Views: 1.2ms | ActiveRecord: 0.0ms | Allocations: 341)


Started GET "/" for ::1 at 2024-02-27 08:11:31 +0530
Processing by Rails::WelcomeController#index as HTML
  Rendering /home/saurabh/.asdf/installs/ruby/2.7.8/lib/ruby/gems/2.7.0/gems/railties-6.1.7.7/lib/rails/templates/rails/welcome/index.html.erb
  Rendered /home/saurabh/.asdf/installs/ruby/2.7.8/lib/ruby/gems/2.7.0/gems/railties-6.1.7.7/lib/rails/templates/rails/welcome/index.html.erb (Duration: 0.3ms | Allocations: 49)
Completed 200 OK in 2ms (Views: 1.2ms | ActiveRecord: 0.0ms | Allocations: 340)


Started GET "/serviceworker.js" for ::1 at 2024-02-27 08:11:33 +0530
  
ActionController::RoutingError (No route matches [GET] "/serviceworker.js"):
  
Started GET "/" for ::1 at 2024-02-27 08:11:53 +0530
Processing by Rails::WelcomeController#index as HTML
  Rendering /home/saurabh/.asdf/installs/ruby/2.7.8/lib/ruby/gems/2.7.0/gems/railties-6.1.7.7/lib/rails/templates/rails/welcome/index.html.erb
  Rendered /home/saurabh/.asdf/installs/ruby/2.7.8/lib/ruby/gems/2.7.0/gems/railties-6.1.7.7/lib/rails/templates/rails/welcome/index.html.erb (Duration: 9.6ms | Allocations: 220)
Completed 200 OK in 13ms (Views: 11.5ms | ActiveRecord: 0.0ms | Allocations: 834)


Started GET "/" for ::1 at 2024-02-27 08:11:54 +0530
Processing by Rails::WelcomeController#index as HTML
  Rendering /home/saurabh/.asdf/installs/ruby/2.7.8/lib/ruby/gems/2.7.0/gems/railties-6.1.7.7/lib/rails/templates/rails/welcome/index.html.erb
  Rendered /home/saurabh/.asdf/installs/ruby/2.7.8/lib/ruby/gems/2.7.0/gems/railties-6.1.7.7/lib/rails/templates/rails/welcome/index.html.erb (Duration: 0.6ms | Allocations: 49)
Completed 200 OK in 2ms (Views: 1.4ms | ActiveRecord: 0.0ms | Allocations: 340)


Started GET "/" for ::1 at 2024-02-27 08:11:54 +0530
Processing by Rails::WelcomeController#index as HTML
  Rendering /home/saurabh/.asdf/installs/ruby/2.7.8/lib/ruby/gems/2.7.0/gems/railties-6.1.7.7/lib/rails/templates/rails/welcome/index.html.erb
  Rendered /home/saurabh/.asdf/installs/ruby/2.7.8/lib/ruby/gems/2.7.0/gems/railties-6.1.7.7/lib/rails/templates/rails/welcome/index.html.erb (Duration: 0.7ms | Allocations: 49)
Completed 200 OK in 2ms (Views: 1.5ms | ActiveRecord: 0.0ms | Allocations: 340)


Started GET "/" for ::1 at 2024-02-27 08:11:55 +0530
Processing by Rails::WelcomeController#index as HTML
  Rendering /home/saurabh/.asdf/installs/ruby/2.7.8/lib/ruby/gems/2.7.0/gems/railties-6.1.7.7/lib/rails/templates/rails/welcome/index.html.erb
  Rendered /home/saurabh/.asdf/installs/ruby/2.7.8/lib/ruby/gems/2.7.0/gems/railties-6.1.7.7/lib/rails/templates/rails/welcome/index.html.erb (Duration: 0.7ms | Allocations: 49)
Completed 200 OK in 2ms (Views: 1.5ms | ActiveRecord: 0.0ms | Allocations: 339)


Started GET "/serviceworker.js" for ::1 at 2024-02-27 08:11:56 +0530
  
ActionController::RoutingError (No route matches [GET] "/serviceworker.js"):
  
Started GET "/serviceworker.js" for ::1 at 2024-02-27 08:12:26 +0530
  
ActionController::RoutingError (No route matches [GET] "/serviceworker.js"):
  
Started GET "/" for ::1 at 2024-02-27 08:13:23 +0530
Processing by PdfsController#index as HTML
  Rendering layout layouts/application.html.erb
  Rendering pdfs/index.html.erb within layouts/application
  Rendered pdfs/index.html.erb within layouts/application (Duration: 10.2ms | Allocations: 4071)
  Rendered layout layouts/application.html.erb (Duration: 10.4ms | Allocations: 4135)
Completed 500 Internal Server Error in 12ms (Allocations: 5133)


  
ActionView::Template::Error (undefined local variable or method `sign_pdfs_path' for #<ActionView::Base:0x0000000000a3c0>
Did you mean?  pdfs_sign_path):
    1: <%= link_to "Sign PDF", sign_pdfs_path %>
    2: <%= link_to "Verify Signature", verify_signature_pdfs_path %>
  
app/views/pdfs/index.html.erb:1
Started GET "/serviceworker.js" for ::1 at 2024-02-27 08:13:25 +0530
  
ActionController::RoutingError (No route matches [GET] "/serviceworker.js"):
  
Started GET "/serviceworker.js" for ::1 at 2024-02-27 08:13:54 +0530
  
ActionController::RoutingError (No route matches [GET] "/serviceworker.js"):
  
Started GET "/" for ::1 at 2024-02-27 08:35:20 +0530
  [1m[35m (0.4ms)[0m  [1m[34mSELECT sqlite_version(*)[0m
Processing by PdfsController#index as HTML
  Rendering layout layouts/application.html.erb
  Rendering pdfs/index.html.erb within layouts/application
  Rendered pdfs/index.html.erb within layouts/application (Duration: 9.6ms | Allocations: 4507)
  Rendered layout layouts/application.html.erb (Duration: 9.9ms | Allocations: 4576)
Completed 500 Internal Server Error in 18ms (ActiveRecord: 0.0ms | Allocations: 6833)


  
ActionView::Template::Error (undefined local variable or method `sign_pdfs_path' for #<ActionView::Base:0x00000000007af8>
Did you mean?  pdfs_sign_path):
    1: <%= link_to "Sign PDF", sign_pdfs_path %>
    2: <%= link_to "Verify Signature", verify_signature_pdfs_path %>
  
app/views/pdfs/index.html.erb:1
Started GET "/serviceworker.js" for ::1 at 2024-02-27 08:35:21 +0530
  
ActionController::RoutingError (No route matches [GET] "/serviceworker.js"):
  
Started GET "/serviceworker.js" for ::1 at 2024-02-27 08:35:51 +0530
  
ActionController::RoutingError (No route matches [GET] "/serviceworker.js"):
  
Started GET "/" for ::1 at 2024-02-27 08:35:55 +0530
Processing by PdfsController#index as HTML
  Rendering layout layouts/application.html.erb
  Rendering pdfs/index.html.erb within layouts/application
  Rendered pdfs/index.html.erb within layouts/application (Duration: 11.5ms | Allocations: 4134)
  Rendered layout layouts/application.html.erb (Duration: 11.9ms | Allocations: 4199)
Completed 500 Internal Server Error in 16ms (ActiveRecord: 0.0ms | Allocations: 5225)


  
ActionView::Template::Error (undefined local variable or method `sign' for #<ActionView::Base:0x00000000008778>
Did you mean?  assign):
    1: <%= link_to "Sign PDF", sign %>
    2: <%= link_to "Verify Signature", verify_signature %>
  
app/views/pdfs/index.html.erb:1
Started GET "/" for ::1 at 2024-02-27 08:35:56 +0530
Processing by PdfsController#index as HTML
  Rendering layout layouts/application.html.erb
  Rendering pdfs/index.html.erb within layouts/application
  Rendered pdfs/index.html.erb within layouts/application (Duration: 10.5ms | Allocations: 4031)
  Rendered layout layouts/application.html.erb (Duration: 11.0ms | Allocations: 4095)
Completed 500 Internal Server Error in 13ms (ActiveRecord: 0.0ms | Allocations: 4391)


  
ActionView::Template::Error (undefined local variable or method `sign' for #<ActionView::Base:0x00000000008b38>
Did you mean?  assign):
    1: <%= link_to "Sign PDF", sign %>
    2: <%= link_to "Verify Signature", verify_signature %>
  
app/views/pdfs/index.html.erb:1
Started GET "/serviceworker.js" for ::1 at 2024-02-27 08:35:57 +0530
  
ActionController::RoutingError (No route matches [GET] "/serviceworker.js"):
  
Started GET "/" for ::1 at 2024-02-27 08:35:57 +0530
Processing by PdfsController#index as HTML
  Rendering layout layouts/application.html.erb
  Rendering pdfs/index.html.erb within layouts/application
  Rendered pdfs/index.html.erb within layouts/application (Duration: 11.1ms | Allocations: 4031)
  Rendered layout layouts/application.html.erb (Duration: 11.5ms | Allocations: 4095)
Completed 500 Internal Server Error in 13ms (ActiveRecord: 0.0ms | Allocations: 4392)


  
ActionView::Template::Error (undefined local variable or method `sign' for #<ActionView::Base:0x000000000090b0>
Did you mean?  assign):
    1: <%= link_to "Sign PDF", sign %>
    2: <%= link_to "Verify Signature", verify_signature %>
  
app/views/pdfs/index.html.erb:1
Started GET "/serviceworker.js" for ::1 at 2024-02-27 08:35:59 +0530
  
ActionController::RoutingError (No route matches [GET] "/serviceworker.js"):
  
Started GET "/serviceworker.js" for ::1 at 2024-02-27 08:36:28 +0530
  
ActionController::RoutingError (No route matches [GET] "/serviceworker.js"):
  
Started GET "/" for ::1 at 2024-02-27 08:37:19 +0530
  [1m[35m (0.4ms)[0m  [1m[34mSELECT sqlite_version(*)[0m
Processing by PdfsController#index as HTML
  Rendering layout layouts/application.html.erb
  Rendering pdfs/index.html.erb within layouts/application
  Rendered pdfs/index.html.erb within layouts/application (Duration: 10.3ms | Allocations: 4507)
  Rendered layout layouts/application.html.erb (Duration: 10.5ms | Allocations: 4576)
Completed 500 Internal Server Error in 16ms (ActiveRecord: 0.0ms | Allocations: 6833)


  
ActionView::Template::Error (undefined local variable or method `sign_pdfs_path' for #<ActionView::Base:0x00000000007af8>
Did you mean?  pdfs_sign_path):
    1: <%= link_to "Sign PDF", sign_pdfs_path %>
    2: <%= link_to "Verify Signature", verify_signature_pdfs_path %>
  
app/views/pdfs/index.html.erb:1
Started GET "/serviceworker.js" for ::1 at 2024-02-27 08:37:21 +0530
  
ActionController::RoutingError (No route matches [GET] "/serviceworker.js"):
  
Started GET "/serviceworker.js" for ::1 at 2024-02-27 08:37:51 +0530
  
ActionController::RoutingError (No route matches [GET] "/serviceworker.js"):
  
Started GET "/" for ::1 at 2024-02-27 08:41:17 +0530
  [1m[35m (0.5ms)[0m  [1m[34mSELECT sqlite_version(*)[0m
Processing by PdfsController#index as HTML
  Rendering layout layouts/application.html.erb
  Rendering pdfs/index.html.erb within layouts/application
  Rendered pdfs/index.html.erb within layouts/application (Duration: 0.8ms | Allocations: 341)
[Webpacker] Compiling...
[Webpacker] Compilation failed:
Hash: 06f29eb5af644be35a20
Version: webpack 4.47.0
Time: 387ms
Built at: 02/27/2024 8:41:18 AM
                                     Asset       Size       Chunks                         Chunk Names
    js/application-2c74afe6b78ebe01da60.js   9.66 KiB  application  [emitted] [immutable]  application
js/application-2c74afe6b78ebe01da60.js.map   3.53 KiB  application  [emitted] [dev]        application
                             manifest.json  364 bytes               [emitted]              
Entrypoint application = js/application-2c74afe6b78ebe01da60.js js/application-2c74afe6b78ebe01da60.js.map
[./app/javascript/packs/application.js] 5.77 KiB {application} [built] [failed] [1 error]

ERROR in ./app/javascript/packs/application.js
Module build failed (from ./node_modules/babel-loader/lib/index.js):
Error: Cannot find package '@babel/plugin-proposal-private-methods' imported from /home/saurabh/Practice codes/pdf_digital_signature_app/babel-virtual-resolve-base.js
    at new NodeError (/home/saurabh/Practice codes/pdf_digital_signature_app/node_modules/@babel/core/lib/vendor/import-meta-resolve.js:194:5)
    at packageResolve (/home/saurabh/Practice codes/pdf_digital_signature_app/node_modules/@babel/core/lib/vendor/import-meta-resolve.js:908:9)
    at moduleResolve (/home/saurabh/Practice codes/pdf_digital_signature_app/node_modules/@babel/core/lib/vendor/import-meta-resolve.js:937:20)
    at defaultResolve (/home/saurabh/Practice codes/pdf_digital_signature_app/node_modules/@babel/core/lib/vendor/import-meta-resolve.js:1007:15)
    at resolve (/home/saurabh/Practice codes/pdf_digital_signature_app/node_modules/@babel/core/lib/vendor/import-meta-resolve.js:1020:12)
    at tryImportMetaResolve (/home/saurabh/Practice codes/pdf_digital_signature_app/node_modules/@babel/core/lib/config/files/plugins.js:142:45)
    at resolveStandardizedNameForImport (/home/saurabh/Practice codes/pdf_digital_signature_app/node_modules/@babel/core/lib/config/files/plugins.js:164:19)
    at resolveStandardizedName (/home/saurabh/Practice codes/pdf_digital_signature_app/node_modules/@babel/core/lib/config/files/plugins.js:173:22)
    at loadPlugin (/home/saurabh/Practice codes/pdf_digital_signature_app/node_modules/@babel/core/lib/config/files/plugins.js:52:20)
    at loadPlugin.next (<anonymous>)
    at createDescriptor (/home/saurabh/Practice codes/pdf_digital_signature_app/node_modules/@babel/core/lib/config/config-descriptors.js:140:16)
    at createDescriptor.next (<anonymous>)
    at step (/home/saurabh/Practice codes/pdf_digital_signature_app/node_modules/gensync/index.js:261:32)
    at evaluateAsync (/home/saurabh/Practice codes/pdf_digital_signature_app/node_modules/gensync/index.js:291:5)
    at /home/saurabh/Practice codes/pdf_digital_signature_app/node_modules/gensync/index.js:44:11
    at Array.forEach (<anonymous>)
    at Function.async (/home/saurabh/Practice codes/pdf_digital_signature_app/node_modules/gensync/index.js:43:15)
    at Function.all (/home/saurabh/Practice codes/pdf_digital_signature_app/node_modules/gensync/index.js:216:13)
    at Generator.next (<anonymous>)
    at createDescriptors (/home/saurabh/Practice codes/pdf_digital_signature_app/node_modules/@babel/core/lib/config/config-descriptors.js:102:41)
    at createDescriptors.next (<anonymous>)
    at createPluginDescriptors (/home/saurabh/Practice codes/pdf_digital_signature_app/node_modules/@babel/core/lib/config/config-descriptors.js:99:17)
    at createPluginDescriptors.next (<anonymous>)
    at /home/saurabh/Practice codes/pdf_digital_signature_app/node_modules/@babel/core/lib/gensync-utils/functional.js:39:27
    at Generator.next (<anonymous>)
    at mergeChainOpts (/home/saurabh/Practice codes/pdf_digital_signature_app/node_modules/@babel/core/lib/config/config-chain.js:349:34)
    at mergeChainOpts.next (<anonymous>)
    at chainWalker (/home/saurabh/Practice codes/pdf_digital_signature_app/node_modules/@babel/core/lib/config/config-chain.js:316:14)
    at chainWalker.next (<anonymous>)
    at loadFileChain (/home/saurabh/Practice codes/pdf_digital_signature_app/node_modules/@babel/core/lib/config/config-chain.js:191:24)
    at loadFileChain.next (<anonymous>)
    at buildRootChain (/home/saurabh/Practice codes/pdf_digital_signature_app/node_modules/@babel/core/lib/config/config-chain.js:77:27)
    at buildRootChain.next (<anonymous>)
    at loadPrivatePartialConfig (/home/saurabh/Practice codes/pdf_digital_signature_app/node_modules/@babel/core/lib/config/partial.js:72:62)
    at loadPrivatePartialConfig.next (<anonymous>)
    at loadPartialConfig (/home/saurabh/Practice codes/pdf_digital_signature_app/node_modules/@babel/core/lib/config/partial.js:115:25)
    at loadPartialConfig.next (<anonymous>)
    at step (/home/saurabh/Practice codes/pdf_digital_signature_app/node_modules/gensync/index.js:269:25)
    at evaluateAsync (/home/saurabh/Practice codes/pdf_digital_signature_app/node_modules/gensync/index.js:291:5)
    at /home/saurabh/Practice codes/pdf_digital_signature_app/node_modules/gensync/index.js:93:9
    at new Promise (<anonymous>)
    at async (/home/saurabh/Practice codes/pdf_digital_signature_app/node_modules/gensync/index.js:92:14)
    at stopHiding - secret - don't use this - v1 (/home/saurabh/Practice codes/pdf_digital_signature_app/node_modules/@babel/core/lib/errors/rewrite-stack-trace.js:47:12)
    at loadPartialConfigAsync (/home/saurabh/Practice codes/pdf_digital_signature_app/node_modules/@babel/core/lib/config/index.js:34:85)
    at Object.<anonymous> (/home/saurabh/Practice codes/pdf_digital_signature_app/node_modules/babel-loader/lib/index.js:126:26)
    at Generator.next (<anonymous>)
    at asyncGeneratorStep (/home/saurabh/Practice codes/pdf_digital_signature_app/node_modules/babel-loader/lib/index.js:3:103)
    at _next (/home/saurabh/Practice codes/pdf_digital_signature_app/node_modules/babel-loader/lib/index.js:4:194)
    at /home/saurabh/Practice codes/pdf_digital_signature_app/node_modules/babel-loader/lib/index.js:4:364
    at new Promise (<anonymous>)
    at Object.<anonymous> (/home/saurabh/Practice codes/pdf_digital_signature_app/node_modules/babel-loader/lib/index.js:4:97)
    at Object._loader (/home/saurabh/Practice codes/pdf_digital_signature_app/node_modules/babel-loader/lib/index.js:210:18)
    at Object.loader (/home/saurabh/Practice codes/pdf_digital_signature_app/node_modules/babel-loader/lib/index.js:48:18)
    at Object.<anonymous> (/home/saurabh/Practice codes/pdf_digital_signature_app/node_modules/babel-loader/lib/index.js:44:12)

  Rendered layout layouts/application.html.erb (Duration: 1905.3ms | Allocations: 17361)
Completed 200 OK in 1911ms (Views: 1907.1ms | ActiveRecord: 0.0ms | Allocations: 19649)


Started GET "/serviceworker.js" for ::1 at 2024-02-27 08:41:20 +0530
  
ActionController::RoutingError (No route matches [GET] "/serviceworker.js"):
  
Started GET "/serviceworker.js" for ::1 at 2024-02-27 08:41:50 +0530
  
ActionController::RoutingError (No route matches [GET] "/serviceworker.js"):
  
Started GET "/" for ::1 at 2024-02-27 08:43:20 +0530
Processing by PdfsController#index as HTML
  Rendering layout layouts/application.html.erb
  Rendering pdfs/index.html.erb within layouts/application
  Rendered pdfs/index.html.erb within layouts/application (Duration: 1.3ms | Allocations: 240)
[Webpacker] Everything's up-to-date. Nothing to do
  Rendered layout layouts/application.html.erb (Duration: 10.1ms | Allocations: 3737)
Completed 200 OK in 15ms (Views: 13.6ms | ActiveRecord: 0.0ms | Allocations: 4847)


Started GET "/" for ::1 at 2024-02-27 08:43:21 +0530
Processing by PdfsController#index as HTML
  Rendering layout layouts/application.html.erb
  Rendering pdfs/index.html.erb within layouts/application
  Rendered pdfs/index.html.erb within layouts/application (Duration: 0.4ms | Allocations: 104)
[Webpacker] Everything's up-to-date. Nothing to do
  Rendered layout layouts/application.html.erb (Duration: 8.7ms | Allocations: 3289)
Completed 200 OK in 11ms (Views: 9.5ms | ActiveRecord: 0.0ms | Allocations: 3666)


Started GET "/serviceworker.js" for ::1 at 2024-02-27 08:43:23 +0530
  
ActionController::RoutingError (No route matches [GET] "/serviceworker.js"):
  
Started GET "/pdfs/sign" for ::1 at 2024-02-27 08:43:27 +0530
Processing by PdfsController#sign as HTML
Sent file /home/saurabh/Practice codes/pdf_digital_signature_app/config/signed_test-1.pdf (5.4ms)
Completed 200 OK in 12ms (ActiveRecord: 0.0ms | Allocations: 1656)


Started GET "/serviceworker.js" for ::1 at 2024-02-27 08:43:28 +0530
  
ActionController::RoutingError (No route matches [GET] "/serviceworker.js"):
  
Started GET "/pdfs/verify_signature" for ::1 at 2024-02-27 08:43:30 +0530
Processing by PdfsController#verify_signature as HTML
Completed 200 OK in 2ms (Views: 0.4ms | ActiveRecord: 0.0ms | Allocations: 423)


Started GET "/serviceworker.js" for ::1 at 2024-02-27 08:43:31 +0530
  
ActionController::RoutingError (No route matches [GET] "/serviceworker.js"):
  
Started GET "/" for ::1 at 2024-02-27 08:43:32 +0530
Processing by PdfsController#index as HTML
  Rendering layout layouts/application.html.erb
  Rendering pdfs/index.html.erb within layouts/application
  Rendered pdfs/index.html.erb within layouts/application (Duration: 0.6ms | Allocations: 98)
[Webpacker] Everything's up-to-date. Nothing to do
  Rendered layout layouts/application.html.erb (Duration: 8.2ms | Allocations: 3289)
Completed 200 OK in 10ms (Views: 9.2ms | ActiveRecord: 0.0ms | Allocations: 3665)


Started GET "/serviceworker.js" for ::1 at 2024-02-27 08:43:34 +0530
  
ActionController::RoutingError (No route matches [GET] "/serviceworker.js"):
  
Started GET "/serviceworker.js" for ::1 at 2024-02-27 08:44:04 +0530
  
ActionController::RoutingError (No route matches [GET] "/serviceworker.js"):
  
Started GET "/" for ::1 at 2024-02-27 08:44:46 +0530
Processing by PdfsController#index as HTML
  Rendering layout layouts/application.html.erb
  Rendering pdfs/index.html.erb within layouts/application
  Rendered pdfs/index.html.erb within layouts/application (Duration: 1.3ms | Allocations: 227)
[Webpacker] Everything's up-to-date. Nothing to do
  Rendered layout layouts/application.html.erb (Duration: 10.4ms | Allocations: 3592)
Completed 200 OK in 15ms (Views: 13.2ms | ActiveRecord: 0.0ms | Allocations: 4617)


Started GET "/serviceworker.js" for ::1 at 2024-02-27 08:44:48 +0530
  
ActionController::RoutingError (No route matches [GET] "/serviceworker.js"):
  
Started GET "/serviceworker.js" for ::1 at 2024-02-27 08:45:17 +0530
  
ActionController::RoutingError (No route matches [GET] "/serviceworker.js"):
  
Started GET "/" for ::1 at 2024-02-27 08:45:54 +0530
Processing by PdfsController#index as HTML
  Rendering layout layouts/application.html.erb
  Rendering pdfs/index.html.erb within layouts/application
  Rendered pdfs/index.html.erb within layouts/application (Duration: 1.5ms | Allocations: 228)
[Webpacker] Everything's up-to-date. Nothing to do
  Rendered layout layouts/application.html.erb (Duration: 16.2ms | Allocations: 3593)
Completed 200 OK in 20ms (Views: 18.7ms | ActiveRecord: 0.0ms | Allocations: 4618)


Started GET "/serviceworker.js" for ::1 at 2024-02-27 08:45:56 +0530
  
ActionController::RoutingError (No route matches [GET] "/serviceworker.js"):
  
Started GET "/" for ::1 at 2024-02-27 08:45:57 +0530
Processing by PdfsController#index as HTML
  Rendering layout layouts/application.html.erb
  Rendering pdfs/index.html.erb within layouts/application
  Rendered pdfs/index.html.erb within layouts/application (Duration: 0.4ms | Allocations: 126)
[Webpacker] Everything's up-to-date. Nothing to do
  Rendered layout layouts/application.html.erb (Duration: 9.1ms | Allocations: 3317)
Completed 200 OK in 11ms (Views: 9.8ms | ActiveRecord: 0.0ms | Allocations: 3695)


Started GET "/serviceworker.js" for ::1 at 2024-02-27 08:45:58 +0530
  
ActionController::RoutingError (No route matches [GET] "/serviceworker.js"):
  
Started GET "/" for ::1 at 2024-02-27 08:46:17 +0530
Processing by PdfsController#index as HTML
  Rendering layout layouts/application.html.erb
  Rendering pdfs/index.html.erb within layouts/application
  Rendered pdfs/index.html.erb within layouts/application (Duration: 1.2ms | Allocations: 227)
[Webpacker] Everything's up-to-date. Nothing to do
  Rendered layout layouts/application.html.erb (Duration: 11.0ms | Allocations: 3592)
Completed 200 OK in 15ms (Views: 13.7ms | ActiveRecord: 0.0ms | Allocations: 4617)


Started GET "/serviceworker.js" for ::1 at 2024-02-27 08:46:18 +0530
  
ActionController::RoutingError (No route matches [GET] "/serviceworker.js"):
  
Started GET "/serviceworker.js" for ::1 at 2024-02-27 08:46:48 +0530
  
ActionController::RoutingError (No route matches [GET] "/serviceworker.js"):
  
Started GET "/" for ::1 at 2024-02-27 08:46:57 +0530
Processing by PdfsController#index as HTML
  Rendering layout layouts/application.html.erb
  Rendering pdfs/index.html.erb within layouts/application
  Rendered pdfs/index.html.erb within layouts/application (Duration: 1.3ms | Allocations: 226)
[Webpacker] Everything's up-to-date. Nothing to do
  Rendered layout layouts/application.html.erb (Duration: 11.9ms | Allocations: 3591)
Completed 200 OK in 16ms (Views: 14.6ms | ActiveRecord: 0.0ms | Allocations: 4616)


Started GET "/serviceworker.js" for ::1 at 2024-02-27 08:46:59 +0530
  
ActionController::RoutingError (No route matches [GET] "/serviceworker.js"):
  
Started GET "/" for ::1 at 2024-02-27 08:47:17 +0530
Processing by PdfsController#index as HTML
  Rendering layout layouts/application.html.erb
  Rendering pdfs/index.html.erb within layouts/application
  Rendered pdfs/index.html.erb within layouts/application (Duration: 1.2ms | Allocations: 227)
[Webpacker] Everything's up-to-date. Nothing to do
  Rendered layout layouts/application.html.erb (Duration: 11.2ms | Allocations: 3592)
Completed 200 OK in 16ms (Views: 14.0ms | Allocations: 4617)


Started GET "/serviceworker.js" for ::1 at 2024-02-27 08:47:19 +0530
  
ActionController::RoutingError (No route matches [GET] "/serviceworker.js"):
  
Started GET "/" for ::1 at 2024-02-27 08:47:30 +0530
Processing by PdfsController#index as HTML
  Rendering layout layouts/application.html.erb
  Rendering pdfs/index.html.erb within layouts/application
  Rendered pdfs/index.html.erb within layouts/application (Duration: 1.2ms | Allocations: 227)
[Webpacker] Everything's up-to-date. Nothing to do
  Rendered layout layouts/application.html.erb (Duration: 10.4ms | Allocations: 3592)
Completed 200 OK in 15ms (Views: 13.4ms | Allocations: 4617)


Started GET "/serviceworker.js" for ::1 at 2024-02-27 08:47:32 +0530
  
ActionController::RoutingError (No route matches [GET] "/serviceworker.js"):
  
Started GET "/serviceworker.js" for ::1 at 2024-02-27 08:48:01 +0530
  
ActionController::RoutingError (No route matches [GET] "/serviceworker.js"):
  
Started GET "/" for ::1 at 2024-02-27 09:07:18 +0530
Processing by PdfsController#index as HTML
  Rendering layout layouts/application.html.erb
  Rendering pdfs/index.html.erb within layouts/application
  Rendered pdfs/index.html.erb within layouts/application (Duration: 0.5ms | Allocations: 126)
[Webpacker] Everything's up-to-date. Nothing to do
  Rendered layout layouts/application.html.erb (Duration: 13.0ms | Allocations: 3317)
Completed 200 OK in 15ms (Views: 14.0ms | Allocations: 3693)


Started GET "/" for ::1 at 2024-02-27 09:07:19 +0530
Processing by PdfsController#index as HTML
  Rendering layout layouts/application.html.erb
  Rendering pdfs/index.html.erb within layouts/application
  Rendered pdfs/index.html.erb within layouts/application (Duration: 0.5ms | Allocations: 120)
[Webpacker] Everything's up-to-date. Nothing to do
  Rendered layout layouts/application.html.erb (Duration: 9.2ms | Allocations: 3303)
Completed 200 OK in 11ms (Views: 10.2ms | Allocations: 3677)


Started GET "/serviceworker.js" for ::1 at 2024-02-27 09:07:20 +0530
  
ActionController::RoutingError (No route matches [GET] "/serviceworker.js"):
  
Started GET "/serviceworker.js" for ::1 at 2024-02-27 09:07:50 +0530
  
ActionController::RoutingError (No route matches [GET] "/serviceworker.js"):
  
